
> starter_helpi@0.1.0 test
> react-scripts test --coverage

PASS src/pages/Tests/homePage.test.tsx
  ✓ Render Home, Basic Quiz, Detailed Quiz and Results links (210 ms)
  ✓ Render Dark mode button (19 ms)
  ✓ renders introduction text part 1 (15 ms)
  ✓ renders introduction text part 2 (15 ms)
  ✓ renders introduction text part 3 (12 ms)
  ✓ Renders the pie chart (11 ms)
  ✓ Render textbox for API input (17 ms)
  ✓ Render pie chart legends (19 ms)
  ✓ Render API Submit Button (26 ms)

[0;33mOne of your dependencies, babel-preset-react-app, is importing the
"@babel/plugin-proposal-private-property-in-object" package without
declaring it in its dependencies. This is currently working because
"@babel/plugin-proposal-private-property-in-object" is already in your
node_modules folder for unrelated reasons, but it [1mmay break at any time[0;33m.

babel-preset-react-app is part of the create-react-app project, [1mwhich
is not maintianed anymore[0;33m. It is thus unlikely that this bug will
ever be fixed. Add "@babel/plugin-proposal-private-property-in-object" to
your devDependencies to work around this error. This will make this message
go away.[0m
  
---------------------|---------|----------|---------|---------|-------------------
File                 | % Stmts | % Branch | % Funcs | % Lines | Uncovered Line #s 
---------------------|---------|----------|---------|---------|-------------------
All files            |    12.5 |      6.5 |     3.8 |   12.77 |                   
 src                 |    8.33 |        0 |   33.33 |    8.33 |                   
  App.tsx            |     100 |      100 |     100 |     100 |                   
  index.tsx          |       0 |      100 |     100 |       0 | 8-20              
  reportWebVitals.ts |       0 |        0 |       0 |       0 | 3-10              
 src/components      |   73.07 |       25 |      50 |   73.07 |                   
  Navbar.tsx         |     100 |      100 |     100 |     100 |                   
  NavbarElements.tsx |     100 |      100 |     100 |     100 |                   
  darkMode.tsx       |      50 |       25 |      50 |      50 | 10-16             
  loader.tsx         |      50 |      100 |       0 |      50 | 4                 
 src/pages/HTML      |    7.24 |     4.67 |    1.02 |    7.42 |                   
  BasicPage.tsx      |    1.33 |        0 |       0 |    1.35 | 11-349            
  DetailedPage.tsx   |    1.24 |        0 |       0 |    1.28 | 22-747            
  ResultsPage.tsx    |    12.9 |    16.66 |       0 |   13.33 | 7-9,18-115        
  homePage.tsx       |   60.86 |       75 |      25 |   60.86 | 19-25,38-43,54    
---------------------|---------|----------|---------|---------|-------------------
Test Suites: 1 passed, 1 total
Tests:       9 passed, 9 total
Snapshots:   0 total
Time:        4.002 s
Ran all test suites.
